build/app/intermediates/manifest_merge_blame_file/debug/manifest-merger-blame-debug-report.txt
1<?xml version="1.0" encoding="utf-8"?>
2<manifest xmlns:android="http://schemas.android.com/apk/res/android"
3    package="com.example.new_firebase"
4    android:versionCode="1"
5    android:versionName="1.0.0" >
6
7    <uses-sdk
8        android:minSdkVersion="21"
9        android:targetSdkVersion="34" />
10    <!--
11         The INTERNET permission is required for development. Specifically,
12         the Flutter tool needs it to communicate with the running application
13         to allow setting breakpoints, to provide hot reload, etc.
14    -->
15    <uses-permission android:name="android.permission.INTERNET" />
15-->src\main\AndroidManifest.xml:8:5-66
15-->src\main\AndroidManifest.xml:8:22-64
16    <!-- Gerekli izinler -->
17    <uses-permission android:name="android.permission.READ_EXTERNAL_STORAGE" />
17-->src\main\AndroidManifest.xml:5:5-80
17-->src\main\AndroidManifest.xml:5:22-77
18    <uses-permission android:name="android.permission.WRITE_EXTERNAL_STORAGE" />
18-->src\main\AndroidManifest.xml:6:5-81
18-->src\main\AndroidManifest.xml:6:22-78
19    <uses-permission android:name="android.permission.CAMERA" />
19-->src\main\AndroidManifest.xml:7:5-65
19-->src\main\AndroidManifest.xml:7:22-62
20    <uses-permission android:name="android.permission.ACCESS_NETWORK_STATE" />
20-->src\main\AndroidManifest.xml:9:5-78
20-->src\main\AndroidManifest.xml:9:22-76
21    <!--
22 Required to query activities that can process text, see:
23         https://developer.android.com/training/package-visibility and
24         https://developer.android.com/reference/android/content/Intent#ACTION_PROCESS_TEXT.
25
26         In particular, this is used by the Flutter engine in io.flutter.plugin.text.ProcessTextPlugin.
27    -->
28    <queries>
28-->src\main\AndroidManifest.xml:49:5-54:15
29        <intent>
29-->src\main\AndroidManifest.xml:50:9-53:18
30            <action android:name="android.intent.action.PROCESS_TEXT" />
30-->src\main\AndroidManifest.xml:51:13-73
30-->src\main\AndroidManifest.xml:51:21-70
31
32            <data android:mimeType="text/plain" />
32-->src\main\AndroidManifest.xml:52:13-51
32-->src\main\AndroidManifest.xml:52:19-48
33        </intent>
34    </queries>
35
36    <uses-permission android:name="android.permission.WAKE_LOCK" />
36-->[com.google.android.gms:play-services-measurement-api:21.6.1] AndroidManifest.xml:24:5-68
36-->[com.google.android.gms:play-services-measurement-api:21.6.1] AndroidManifest.xml:24:22-65
37    <uses-permission android:name="com.google.android.gms.permission.AD_ID" />
37-->[com.google.android.gms:play-services-measurement-api:21.6.1] AndroidManifest.xml:25:5-79
37-->[com.google.android.gms:play-services-measurement-api:21.6.1] AndroidManifest.xml:25:22-76
38    <uses-permission android:name="android.permission.ACCESS_ADSERVICES_ATTRIBUTION" />
38-->[com.google.android.gms:play-services-measurement-api:21.6.1] AndroidManifest.xml:26:5-88
38-->[com.google.android.gms:play-services-measurement-api:21.6.1] AndroidManifest.xml:26:22-85
39    <uses-permission android:name="android.permission.ACCESS_ADSERVICES_AD_ID" />
39-->[com.google.android.gms:play-services-measurement-api:21.6.1] AndroidManifest.xml:27:5-82
39-->[com.google.android.gms:play-services-measurement-api:21.6.1] AndroidManifest.xml:27:22-79
40    <uses-permission android:name="com.google.android.finsky.permission.BIND_GET_INSTALL_REFERRER_SERVICE" />
40-->[com.google.android.gms:play-services-measurement:21.6.1] AndroidManifest.xml:26:5-110
40-->[com.google.android.gms:play-services-measurement:21.6.1] AndroidManifest.xml:26:22-107
41    <uses-permission android:name="com.google.android.providers.gsf.permission.READ_GSERVICES" />
41-->[com.google.android.recaptcha:recaptcha:18.4.0] AndroidManifest.xml:9:5-98
41-->[com.google.android.recaptcha:recaptcha:18.4.0] AndroidManifest.xml:9:22-95
42
43    <permission
43-->[androidx.core:core:1.13.1] AndroidManifest.xml:22:5-24:47
44        android:name="com.example.new_firebase.DYNAMIC_RECEIVER_NOT_EXPORTED_PERMISSION"
44-->[androidx.core:core:1.13.1] AndroidManifest.xml:23:9-81
45        android:protectionLevel="signature" />
45-->[androidx.core:core:1.13.1] AndroidManifest.xml:24:9-44
46
47    <uses-permission android:name="com.example.new_firebase.DYNAMIC_RECEIVER_NOT_EXPORTED_PERMISSION" />
47-->[androidx.core:core:1.13.1] AndroidManifest.xml:26:5-97
47-->[androidx.core:core:1.13.1] AndroidManifest.xml:26:22-94
48
49    <application
50        android:name="android.app.Application"
51        android:appComponentFactory="androidx.core.app.CoreComponentFactory"
51-->[androidx.core:core:1.13.1] AndroidManifest.xml:28:18-86
52        android:debuggable="true"
53        android:extractNativeLibs="true"
54        android:icon="@mipmap/ic_launcher"
55        android:label="Memidle" >
56        <activity
57            android:name="com.example.memidle_test.MainActivity"
58            android:configChanges="orientation|keyboardHidden|keyboard|screenSize|smallestScreenSize|locale|layoutDirection|fontScale|screenLayout|density|uiMode"
59            android:exported="true"
60            android:hardwareAccelerated="true"
61            android:launchMode="singleTop"
62            android:taskAffinity=""
63            android:theme="@style/LaunchTheme"
64            android:windowSoftInputMode="adjustResize" >
65
66            <!--
67                 Specifies an Android theme to apply to this Activity as soon as
68                 the Android process has started. This theme is visible to the user
69                 while the Flutter UI initializes. After that, this theme continues
70                 to determine the Window background behind the Flutter UI.
71            -->
72            <meta-data
73                android:name="io.flutter.embedding.android.NormalTheme"
74                android:resource="@style/NormalTheme" />
75
76            <intent-filter>
77                <action android:name="android.intent.action.MAIN" />
78
79                <category android:name="android.intent.category.LAUNCHER" />
80            </intent-filter>
81        </activity>
82        <!--
83             Don't delete the meta-data below.
84             This is used by the Flutter tool to generate GeneratedPluginRegistrant.java
85        -->
86        <meta-data
87            android:name="flutterEmbedding"
88            android:value="2" />
89
90        <service
90-->[:cloud_firestore] AndroidManifest.xml:8:9-12:19
91            android:name="com.google.firebase.components.ComponentDiscoveryService"
91-->[:cloud_firestore] AndroidManifest.xml:8:18-89
92            android:directBootAware="true"
92-->[com.google.firebase:firebase-common:20.4.3] AndroidManifest.xml:32:13-43
93            android:exported="false" >
93-->[com.google.firebase:firebase-firestore:24.11.0] AndroidManifest.xml:16:13-37
94            <meta-data
94-->[:cloud_firestore] AndroidManifest.xml:9:13-11:85
95                android:name="com.google.firebase.components:io.flutter.plugins.firebase.firestore.FlutterFirebaseFirestoreRegistrar"
95-->[:cloud_firestore] AndroidManifest.xml:10:17-134
96                android:value="com.google.firebase.components.ComponentRegistrar" />
96-->[:cloud_firestore] AndroidManifest.xml:11:17-82
97            <meta-data
97-->[:firebase_auth] AndroidManifest.xml:9:13-11:85
98                android:name="com.google.firebase.components:io.flutter.plugins.firebase.auth.FlutterFirebaseAuthRegistrar"
98-->[:firebase_auth] AndroidManifest.xml:10:17-124
99                android:value="com.google.firebase.components.ComponentRegistrar" />
99-->[:firebase_auth] AndroidManifest.xml:11:17-82
100            <meta-data
100-->[:firebase_storage] AndroidManifest.xml:9:13-11:85
101                android:name="com.google.firebase.components:io.flutter.plugins.firebase.storage.FlutterFirebaseAppRegistrar"
101-->[:firebase_storage] AndroidManifest.xml:10:17-126
102                android:value="com.google.firebase.components.ComponentRegistrar" />
102-->[:firebase_storage] AndroidManifest.xml:11:17-82
103            <meta-data
103-->[:firebase_core] AndroidManifest.xml:9:13-11:85
104                android:name="com.google.firebase.components:io.flutter.plugins.firebase.core.FlutterFirebaseCoreRegistrar"
104-->[:firebase_core] AndroidManifest.xml:10:17-124
105                android:value="com.google.firebase.components.ComponentRegistrar" />
105-->[:firebase_core] AndroidManifest.xml:11:17-82
106            <meta-data
106-->[com.google.firebase:firebase-firestore:24.11.0] AndroidManifest.xml:17:13-19:85
107                android:name="com.google.firebase.components:com.google.firebase.firestore.FirebaseFirestoreKtxRegistrar"
107-->[com.google.firebase:firebase-firestore:24.11.0] AndroidManifest.xml:18:17-122
108                android:value="com.google.firebase.components.ComponentRegistrar" />
108-->[com.google.firebase:firebase-firestore:24.11.0] AndroidManifest.xml:19:17-82
109            <meta-data
109-->[com.google.firebase:firebase-firestore:24.11.0] AndroidManifest.xml:20:13-22:85
110                android:name="com.google.firebase.components:com.google.firebase.firestore.FirestoreRegistrar"
110-->[com.google.firebase:firebase-firestore:24.11.0] AndroidManifest.xml:21:17-111
111                android:value="com.google.firebase.components.ComponentRegistrar" />
111-->[com.google.firebase:firebase-firestore:24.11.0] AndroidManifest.xml:22:17-82
112            <meta-data
112-->[com.google.firebase:firebase-auth:22.3.1] AndroidManifest.xml:69:13-71:85
113                android:name="com.google.firebase.components:com.google.firebase.auth.FirebaseAuthRegistrar"
113-->[com.google.firebase:firebase-auth:22.3.1] AndroidManifest.xml:70:17-109
114                android:value="com.google.firebase.components.ComponentRegistrar" />
114-->[com.google.firebase:firebase-auth:22.3.1] AndroidManifest.xml:71:17-82
115            <meta-data
115-->[com.google.firebase:firebase-storage:20.3.0] AndroidManifest.xml:30:13-32:85
116                android:name="com.google.firebase.components:com.google.firebase.storage.FirebaseStorageKtxRegistrar"
116-->[com.google.firebase:firebase-storage:20.3.0] AndroidManifest.xml:31:17-118
117                android:value="com.google.firebase.components.ComponentRegistrar" />
117-->[com.google.firebase:firebase-storage:20.3.0] AndroidManifest.xml:32:17-82
118            <meta-data
118-->[com.google.firebase:firebase-storage:20.3.0] AndroidManifest.xml:33:13-35:85
119                android:name="com.google.firebase.components:com.google.firebase.storage.StorageRegistrar"
119-->[com.google.firebase:firebase-storage:20.3.0] AndroidManifest.xml:34:17-107
120                android:value="com.google.firebase.components.ComponentRegistrar" />
120-->[com.google.firebase:firebase-storage:20.3.0] AndroidManifest.xml:35:17-82
121            <meta-data
121-->[com.google.android.gms:play-services-measurement-api:21.6.1] AndroidManifest.xml:37:13-39:85
122                android:name="com.google.firebase.components:com.google.firebase.analytics.connector.internal.AnalyticsConnectorRegistrar"
122-->[com.google.android.gms:play-services-measurement-api:21.6.1] AndroidManifest.xml:38:17-139
123                android:value="com.google.firebase.components.ComponentRegistrar" />
123-->[com.google.android.gms:play-services-measurement-api:21.6.1] AndroidManifest.xml:39:17-82
124            <meta-data
124-->[com.google.firebase:firebase-appcheck:17.1.2] AndroidManifest.xml:25:13-27:85
125                android:name="com.google.firebase.components:com.google.firebase.appcheck.FirebaseAppCheckKtxRegistrar"
125-->[com.google.firebase:firebase-appcheck:17.1.2] AndroidManifest.xml:26:17-120
126                android:value="com.google.firebase.components.ComponentRegistrar" />
126-->[com.google.firebase:firebase-appcheck:17.1.2] AndroidManifest.xml:27:17-82
127            <meta-data
127-->[com.google.firebase:firebase-appcheck:17.1.2] AndroidManifest.xml:28:13-30:85
128                android:name="com.google.firebase.components:com.google.firebase.appcheck.FirebaseAppCheckRegistrar"
128-->[com.google.firebase:firebase-appcheck:17.1.2] AndroidManifest.xml:29:17-117
129                android:value="com.google.firebase.components.ComponentRegistrar" />
129-->[com.google.firebase:firebase-appcheck:17.1.2] AndroidManifest.xml:30:17-82
130            <meta-data
130-->[com.google.firebase:firebase-installations:17.2.0] AndroidManifest.xml:15:13-17:85
131                android:name="com.google.firebase.components:com.google.firebase.installations.FirebaseInstallationsKtxRegistrar"
131-->[com.google.firebase:firebase-installations:17.2.0] AndroidManifest.xml:16:17-130
132                android:value="com.google.firebase.components.ComponentRegistrar" />
132-->[com.google.firebase:firebase-installations:17.2.0] AndroidManifest.xml:17:17-82
133            <meta-data
133-->[com.google.firebase:firebase-installations:17.2.0] AndroidManifest.xml:18:13-20:85
134                android:name="com.google.firebase.components:com.google.firebase.installations.FirebaseInstallationsRegistrar"
134-->[com.google.firebase:firebase-installations:17.2.0] AndroidManifest.xml:19:17-127
135                android:value="com.google.firebase.components.ComponentRegistrar" />
135-->[com.google.firebase:firebase-installations:17.2.0] AndroidManifest.xml:20:17-82
136            <meta-data
136-->[com.google.firebase:firebase-common-ktx:20.4.3] AndroidManifest.xml:12:13-14:85
137                android:name="com.google.firebase.components:com.google.firebase.ktx.FirebaseCommonLegacyRegistrar"
137-->[com.google.firebase:firebase-common-ktx:20.4.3] AndroidManifest.xml:13:17-116
138                android:value="com.google.firebase.components.ComponentRegistrar" />
138-->[com.google.firebase:firebase-common-ktx:20.4.3] AndroidManifest.xml:14:17-82
139            <meta-data
139-->[com.google.firebase:firebase-common:20.4.3] AndroidManifest.xml:35:13-37:85
140                android:name="com.google.firebase.components:com.google.firebase.FirebaseCommonKtxRegistrar"
140-->[com.google.firebase:firebase-common:20.4.3] AndroidManifest.xml:36:17-109
141                android:value="com.google.firebase.components.ComponentRegistrar" />
141-->[com.google.firebase:firebase-common:20.4.3] AndroidManifest.xml:37:17-82
142        </service>
143
144        <provider
144-->[:image_picker_android] AndroidManifest.xml:9:9-17:20
145            android:name="io.flutter.plugins.imagepicker.ImagePickerFileProvider"
145-->[:image_picker_android] AndroidManifest.xml:10:13-82
146            android:authorities="com.example.new_firebase.flutter.image_provider"
146-->[:image_picker_android] AndroidManifest.xml:11:13-74
147            android:exported="false"
147-->[:image_picker_android] AndroidManifest.xml:12:13-37
148            android:grantUriPermissions="true" >
148-->[:image_picker_android] AndroidManifest.xml:13:13-47
149            <meta-data
149-->[:image_picker_android] AndroidManifest.xml:14:13-16:75
150                android:name="android.support.FILE_PROVIDER_PATHS"
150-->[:image_picker_android] AndroidManifest.xml:15:17-67
151                android:resource="@xml/flutter_image_picker_file_paths" />
151-->[:image_picker_android] AndroidManifest.xml:16:17-72
152        </provider> <!-- Trigger Google Play services to install the backported photo picker module. -->
153        <service
153-->[:image_picker_android] AndroidManifest.xml:19:9-31:19
154            android:name="com.google.android.gms.metadata.ModuleDependencies"
154-->[:image_picker_android] AndroidManifest.xml:20:13-78
155            android:enabled="false"
155-->[:image_picker_android] AndroidManifest.xml:21:13-36
156            android:exported="false" >
156-->[:image_picker_android] AndroidManifest.xml:22:13-37
157            <intent-filter>
157-->[:image_picker_android] AndroidManifest.xml:24:13-26:29
158                <action android:name="com.google.android.gms.metadata.MODULE_DEPENDENCIES" />
158-->[:image_picker_android] AndroidManifest.xml:25:17-94
158-->[:image_picker_android] AndroidManifest.xml:25:25-91
159            </intent-filter>
160
161            <meta-data
161-->[:image_picker_android] AndroidManifest.xml:28:13-30:36
162                android:name="photopicker_activity:0:required"
162-->[:image_picker_android] AndroidManifest.xml:29:17-63
163                android:value="" />
163-->[:image_picker_android] AndroidManifest.xml:30:17-33
164        </service>
165        <!--
166           Declares a provider which allows us to store files to share in
167           '.../caches/share_plus' and grant the receiving action access
168        -->
169        <provider
169-->[:share_plus] AndroidManifest.xml:13:9-21:20
170            android:name="dev.fluttercommunity.plus.share.ShareFileProvider"
170-->[:share_plus] AndroidManifest.xml:14:13-77
171            android:authorities="com.example.new_firebase.flutter.share_provider"
171-->[:share_plus] AndroidManifest.xml:15:13-74
172            android:exported="false"
172-->[:share_plus] AndroidManifest.xml:16:13-37
173            android:grantUriPermissions="true" >
173-->[:share_plus] AndroidManifest.xml:17:13-47
174            <meta-data
174-->[:image_picker_android] AndroidManifest.xml:14:13-16:75
175                android:name="android.support.FILE_PROVIDER_PATHS"
175-->[:image_picker_android] AndroidManifest.xml:15:17-67
176                android:resource="@xml/flutter_share_file_paths" />
176-->[:image_picker_android] AndroidManifest.xml:16:17-72
177        </provider>
178        <!--
179           This manifest declared broadcast receiver allows us to use an explicit
180           Intent when creating a PendingItent to be informed of the user's choice
181        -->
182        <receiver
182-->[:share_plus] AndroidManifest.xml:26:9-32:20
183            android:name="dev.fluttercommunity.plus.share.SharePlusPendingIntent"
183-->[:share_plus] AndroidManifest.xml:27:13-82
184            android:exported="false" >
184-->[:share_plus] AndroidManifest.xml:28:13-37
185            <intent-filter>
185-->[:share_plus] AndroidManifest.xml:29:13-31:29
186                <action android:name="EXTRA_CHOSEN_COMPONENT" />
186-->[:share_plus] AndroidManifest.xml:30:17-65
186-->[:share_plus] AndroidManifest.xml:30:25-62
187            </intent-filter>
188        </receiver>
189
190        <activity
190-->[com.google.firebase:firebase-auth:22.3.1] AndroidManifest.xml:29:9-46:20
191            android:name="com.google.firebase.auth.internal.GenericIdpActivity"
191-->[com.google.firebase:firebase-auth:22.3.1] AndroidManifest.xml:30:13-80
192            android:excludeFromRecents="true"
192-->[com.google.firebase:firebase-auth:22.3.1] AndroidManifest.xml:31:13-46
193            android:exported="true"
193-->[com.google.firebase:firebase-auth:22.3.1] AndroidManifest.xml:32:13-36
194            android:launchMode="singleTask"
194-->[com.google.firebase:firebase-auth:22.3.1] AndroidManifest.xml:33:13-44
195            android:theme="@android:style/Theme.Translucent.NoTitleBar" >
195-->[com.google.firebase:firebase-auth:22.3.1] AndroidManifest.xml:34:13-72
196            <intent-filter>
196-->[com.google.firebase:firebase-auth:22.3.1] AndroidManifest.xml:35:13-45:29
197                <action android:name="android.intent.action.VIEW" />
197-->[com.google.firebase:firebase-auth:22.3.1] AndroidManifest.xml:36:17-69
197-->[com.google.firebase:firebase-auth:22.3.1] AndroidManifest.xml:36:25-66
198
199                <category android:name="android.intent.category.DEFAULT" />
199-->[com.google.firebase:firebase-auth:22.3.1] AndroidManifest.xml:38:17-76
199-->[com.google.firebase:firebase-auth:22.3.1] AndroidManifest.xml:38:27-73
200                <category android:name="android.intent.category.BROWSABLE" />
200-->[com.google.firebase:firebase-auth:22.3.1] AndroidManifest.xml:39:17-78
200-->[com.google.firebase:firebase-auth:22.3.1] AndroidManifest.xml:39:27-75
201
202                <data
202-->src\main\AndroidManifest.xml:52:13-51
203                    android:host="firebase.auth"
204                    android:path="/"
205                    android:scheme="genericidp" />
206            </intent-filter>
207        </activity>
208        <activity
208-->[com.google.firebase:firebase-auth:22.3.1] AndroidManifest.xml:47:9-64:20
209            android:name="com.google.firebase.auth.internal.RecaptchaActivity"
209-->[com.google.firebase:firebase-auth:22.3.1] AndroidManifest.xml:48:13-79
210            android:excludeFromRecents="true"
210-->[com.google.firebase:firebase-auth:22.3.1] AndroidManifest.xml:49:13-46
211            android:exported="true"
211-->[com.google.firebase:firebase-auth:22.3.1] AndroidManifest.xml:50:13-36
212            android:launchMode="singleTask"
212-->[com.google.firebase:firebase-auth:22.3.1] AndroidManifest.xml:51:13-44
213            android:theme="@android:style/Theme.Translucent.NoTitleBar" >
213-->[com.google.firebase:firebase-auth:22.3.1] AndroidManifest.xml:52:13-72
214            <intent-filter>
214-->[com.google.firebase:firebase-auth:22.3.1] AndroidManifest.xml:53:13-63:29
215                <action android:name="android.intent.action.VIEW" />
215-->[com.google.firebase:firebase-auth:22.3.1] AndroidManifest.xml:36:17-69
215-->[com.google.firebase:firebase-auth:22.3.1] AndroidManifest.xml:36:25-66
216
217                <category android:name="android.intent.category.DEFAULT" />
217-->[com.google.firebase:firebase-auth:22.3.1] AndroidManifest.xml:38:17-76
217-->[com.google.firebase:firebase-auth:22.3.1] AndroidManifest.xml:38:27-73
218                <category android:name="android.intent.category.BROWSABLE" />
218-->[com.google.firebase:firebase-auth:22.3.1] AndroidManifest.xml:39:17-78
218-->[com.google.firebase:firebase-auth:22.3.1] AndroidManifest.xml:39:27-75
219
220                <data
220-->src\main\AndroidManifest.xml:52:13-51
221                    android:host="firebase.auth"
222                    android:path="/"
223                    android:scheme="recaptcha" />
224            </intent-filter>
225        </activity>
226
227        <property
227-->[com.google.android.gms:play-services-measurement-api:21.6.1] AndroidManifest.xml:30:9-32:61
228            android:name="android.adservices.AD_SERVICES_CONFIG"
228-->[com.google.android.gms:play-services-measurement-api:21.6.1] AndroidManifest.xml:31:13-65
229            android:resource="@xml/ga_ad_services_config" />
229-->[com.google.android.gms:play-services-measurement-api:21.6.1] AndroidManifest.xml:32:13-58
230
231        <provider
231-->[com.google.firebase:firebase-common:20.4.3] AndroidManifest.xml:23:9-28:39
232            android:name="com.google.firebase.provider.FirebaseInitProvider"
232-->[com.google.firebase:firebase-common:20.4.3] AndroidManifest.xml:24:13-77
233            android:authorities="com.example.new_firebase.firebaseinitprovider"
233-->[com.google.firebase:firebase-common:20.4.3] AndroidManifest.xml:25:13-72
234            android:directBootAware="true"
234-->[com.google.firebase:firebase-common:20.4.3] AndroidManifest.xml:26:13-43
235            android:exported="false"
235-->[com.google.firebase:firebase-common:20.4.3] AndroidManifest.xml:27:13-37
236            android:initOrder="100" />
236-->[com.google.firebase:firebase-common:20.4.3] AndroidManifest.xml:28:13-36
237
238        <receiver
238-->[com.google.android.gms:play-services-measurement:21.6.1] AndroidManifest.xml:29:9-33:20
239            android:name="com.google.android.gms.measurement.AppMeasurementReceiver"
239-->[com.google.android.gms:play-services-measurement:21.6.1] AndroidManifest.xml:30:13-85
240            android:enabled="true"
240-->[com.google.android.gms:play-services-measurement:21.6.1] AndroidManifest.xml:31:13-35
241            android:exported="false" >
241-->[com.google.android.gms:play-services-measurement:21.6.1] AndroidManifest.xml:32:13-37
242        </receiver>
243
244        <service
244-->[com.google.android.gms:play-services-measurement:21.6.1] AndroidManifest.xml:35:9-38:40
245            android:name="com.google.android.gms.measurement.AppMeasurementService"
245-->[com.google.android.gms:play-services-measurement:21.6.1] AndroidManifest.xml:36:13-84
246            android:enabled="true"
246-->[com.google.android.gms:play-services-measurement:21.6.1] AndroidManifest.xml:37:13-35
247            android:exported="false" />
247-->[com.google.android.gms:play-services-measurement:21.6.1] AndroidManifest.xml:38:13-37
248        <service
248-->[com.google.android.gms:play-services-measurement:21.6.1] AndroidManifest.xml:39:9-43:72
249            android:name="com.google.android.gms.measurement.AppMeasurementJobService"
249-->[com.google.android.gms:play-services-measurement:21.6.1] AndroidManifest.xml:40:13-87
250            android:enabled="true"
250-->[com.google.android.gms:play-services-measurement:21.6.1] AndroidManifest.xml:41:13-35
251            android:exported="false"
251-->[com.google.android.gms:play-services-measurement:21.6.1] AndroidManifest.xml:42:13-37
252            android:permission="android.permission.BIND_JOB_SERVICE" />
252-->[com.google.android.gms:play-services-measurement:21.6.1] AndroidManifest.xml:43:13-69
253
254        <uses-library
254-->[androidx.window:window:1.2.0] AndroidManifest.xml:23:9-25:40
255            android:name="androidx.window.extensions"
255-->[androidx.window:window:1.2.0] AndroidManifest.xml:24:13-54
256            android:required="false" />
256-->[androidx.window:window:1.2.0] AndroidManifest.xml:25:13-37
257        <uses-library
257-->[androidx.window:window:1.2.0] AndroidManifest.xml:26:9-28:40
258            android:name="androidx.window.sidecar"
258-->[androidx.window:window:1.2.0] AndroidManifest.xml:27:13-51
259            android:required="false" />
259-->[androidx.window:window:1.2.0] AndroidManifest.xml:28:13-37
260        <uses-library
260-->[androidx.privacysandbox.ads:ads-adservices:1.0.0-beta05] AndroidManifest.xml:23:9-25:40
261            android:name="android.ext.adservices"
261-->[androidx.privacysandbox.ads:ads-adservices:1.0.0-beta05] AndroidManifest.xml:24:13-50
262            android:required="false" />
262-->[androidx.privacysandbox.ads:ads-adservices:1.0.0-beta05] AndroidManifest.xml:25:13-37
263
264        <provider
264-->[androidx.emoji2:emoji2:1.2.0] AndroidManifest.xml:24:9-32:20
265            android:name="androidx.startup.InitializationProvider"
265-->[androidx.emoji2:emoji2:1.2.0] AndroidManifest.xml:25:13-67
266            android:authorities="com.example.new_firebase.androidx-startup"
266-->[androidx.emoji2:emoji2:1.2.0] AndroidManifest.xml:26:13-68
267            android:exported="false" >
267-->[androidx.emoji2:emoji2:1.2.0] AndroidManifest.xml:27:13-37
268            <meta-data
268-->[androidx.emoji2:emoji2:1.2.0] AndroidManifest.xml:29:13-31:52
269                android:name="androidx.emoji2.text.EmojiCompatInitializer"
269-->[androidx.emoji2:emoji2:1.2.0] AndroidManifest.xml:30:17-75
270                android:value="androidx.startup" />
270-->[androidx.emoji2:emoji2:1.2.0] AndroidManifest.xml:31:17-49
271            <meta-data
271-->[androidx.lifecycle:lifecycle-process:2.7.0] AndroidManifest.xml:29:13-31:52
272                android:name="androidx.lifecycle.ProcessLifecycleInitializer"
272-->[androidx.lifecycle:lifecycle-process:2.7.0] AndroidManifest.xml:30:17-78
273                android:value="androidx.startup" />
273-->[androidx.lifecycle:lifecycle-process:2.7.0] AndroidManifest.xml:31:17-49
274            <meta-data
274-->[androidx.profileinstaller:profileinstaller:1.3.1] AndroidManifest.xml:29:13-31:52
275                android:name="androidx.profileinstaller.ProfileInstallerInitializer"
275-->[androidx.profileinstaller:profileinstaller:1.3.1] AndroidManifest.xml:30:17-85
276                android:value="androidx.startup" />
276-->[androidx.profileinstaller:profileinstaller:1.3.1] AndroidManifest.xml:31:17-49
277        </provider>
278
279        <activity
279-->[com.google.android.gms:play-services-base:18.1.0] AndroidManifest.xml:20:9-22:45
280            android:name="com.google.android.gms.common.api.GoogleApiActivity"
280-->[com.google.android.gms:play-services-base:18.1.0] AndroidManifest.xml:20:19-85
281            android:exported="false"
281-->[com.google.android.gms:play-services-base:18.1.0] AndroidManifest.xml:22:19-43
282            android:theme="@android:style/Theme.Translucent.NoTitleBar" />
282-->[com.google.android.gms:play-services-base:18.1.0] AndroidManifest.xml:21:19-78
283
284        <meta-data
284-->[com.google.android.gms:play-services-basement:18.3.0] AndroidManifest.xml:21:9-23:69
285            android:name="com.google.android.gms.version"
285-->[com.google.android.gms:play-services-basement:18.3.0] AndroidManifest.xml:22:13-58
286            android:value="@integer/google_play_services_version" />
286-->[com.google.android.gms:play-services-basement:18.3.0] AndroidManifest.xml:23:13-66
287
288        <receiver
288-->[androidx.profileinstaller:profileinstaller:1.3.1] AndroidManifest.xml:34:9-52:20
289            android:name="androidx.profileinstaller.ProfileInstallReceiver"
289-->[androidx.profileinstaller:profileinstaller:1.3.1] AndroidManifest.xml:35:13-76
290            android:directBootAware="false"
290-->[androidx.profileinstaller:profileinstaller:1.3.1] AndroidManifest.xml:36:13-44
291            android:enabled="true"
291-->[androidx.profileinstaller:profileinstaller:1.3.1] AndroidManifest.xml:37:13-35
292            android:exported="true"
292-->[androidx.profileinstaller:profileinstaller:1.3.1] AndroidManifest.xml:38:13-36
293            android:permission="android.permission.DUMP" >
293-->[androidx.profileinstaller:profileinstaller:1.3.1] AndroidManifest.xml:39:13-57
294            <intent-filter>
294-->[androidx.profileinstaller:profileinstaller:1.3.1] AndroidManifest.xml:40:13-42:29